-------------------------------------------------------------------------------
>Log Session: Tuesday, March 29, 2022 at 9:12:22 PM Central European Summer Time
>System Info: 
  Product Version         = Apache NetBeans IDE 11.3
  Operating System        = Windows 10 version 10.0 running on amd64
  Java; VM; Vendor        = 14.0.1; Java HotSpot(TM) 64-Bit Server VM 14.0.1+7; Oracle Corporation
  Runtime                 = Java(TM) SE Runtime Environment 14.0.1+7
  Java Home               = C:\Program Files\Java\jdk-14.0.1
  System Locale; Encoding = de_DE (nb); Cp1252
  Home Directory          = C:\Users\Chris
  Current Directory       = C:\Projekte\Netbeans Plugins\yeoman4netbeans
  User Directory          = C:\Projekte\Netbeans Plugins\yeoman4netbeans\target\userdir
  Cache Directory         = C:\Projekte\Netbeans Plugins\yeoman4netbeans\target\userdir\var\cache
  Installation            = C:\Users\Chris\Downloads\NetBeans Versions\netbeans 11.3\nb
                            C:\Users\Chris\Downloads\NetBeans Versions\netbeans 11.3\ergonomics
                            C:\Users\Chris\Downloads\NetBeans Versions\netbeans 11.3\ide
                            C:\Users\Chris\Downloads\NetBeans Versions\netbeans 11.3\extide
                            C:\Users\Chris\Downloads\NetBeans Versions\netbeans 11.3\java
                            C:\Users\Chris\Downloads\NetBeans Versions\netbeans 11.3\apisupport
                            C:\Users\Chris\Downloads\NetBeans Versions\netbeans 11.3\webcommon
                            C:\Users\Chris\Downloads\NetBeans Versions\netbeans 11.3\websvccommon
                            C:\Users\Chris\Downloads\NetBeans Versions\netbeans 11.3\enterprise
                            C:\Users\Chris\Downloads\NetBeans Versions\netbeans 11.3\profiler
                            C:\Users\Chris\Downloads\NetBeans Versions\netbeans 11.3\php
                            C:\Users\Chris\Downloads\NetBeans Versions\netbeans 11.3\harness
                            C:\Users\Chris\Downloads\NetBeans Versions\netbeans 11.3\groovy
                            C:\Users\Chris\Downloads\NetBeans Versions\netbeans 11.3\javafx
                            C:\Projekte\Netbeans Plugins\yeoman4netbeans\target\netbeans_clusters\extra
                            C:\Users\Chris\Downloads\Netbeans Versions\netbeans 11.3\platform
  Boot & Ext. Classpath   = 
  Application Classpath   = C:\Users\Chris\Downloads\Netbeans Versions\netbeans 11.3\platform\lib\boot.jar;C:\Users\Chris\Downloads\Netbeans Versions\netbeans 11.3\platform\lib\org-openide-modules.jar;C:\Users\Chris\Downloads\Netbeans Versions\netbeans 11.3\platform\lib\org-openide-util-lookup.jar;C:\Users\Chris\Downloads\Netbeans Versions\netbeans 11.3\platform\lib\org-openide-util-ui.jar;C:\Users\Chris\Downloads\Netbeans Versions\netbeans 11.3\platform\lib\org-openide-util.jar
  Startup Classpath       = C:\Users\Chris\Downloads\Netbeans Versions\netbeans 11.3\platform\core\asm-7.2.jar;C:\Users\Chris\Downloads\Netbeans Versions\netbeans 11.3\platform\core\asm-commons-7.2.jar;C:\Users\Chris\Downloads\Netbeans Versions\netbeans 11.3\platform\core\asm-tree-7.2.jar;C:\Users\Chris\Downloads\Netbeans Versions\netbeans 11.3\platform\core\core-base.jar;C:\Users\Chris\Downloads\Netbeans Versions\netbeans 11.3\platform\core\core.jar;C:\Users\Chris\Downloads\Netbeans Versions\netbeans 11.3\platform\core\org-netbeans-libs-asm.jar;C:\Users\Chris\Downloads\Netbeans Versions\netbeans 11.3\platform\core\org-openide-filesystems-compat8.jar;C:\Users\Chris\Downloads\Netbeans Versions\netbeans 11.3\platform\core\org-openide-filesystems.jar;C:\Users\Chris\Downloads\Netbeans Versions\netbeans 11.3\nb\core\org-netbeans-upgrader.jar;C:\Users\Chris\Downloads\Netbeans Versions\netbeans 11.3\nb\core\locale\core_nb.jar
-------------------------------------------------------------------------------
WARNING [org.netbeans.core.startup.NbEvents]: The extension C:\Users\Chris\Downloads\NetBeans Versions\netbeans 11.3\ide\modules\ext\jcodings-1.0.18.jar may be multiply loaded by modules: [C:\Users\Chris\Downloads\NetBeans Versions\netbeans 11.3\ide\modules\org-netbeans-libs-bytelist.jar, C:\Users\Chris\Downloads\NetBeans Versions\netbeans 11.3\ide\modules\org-netbeans-modules-textmate-lexer.jar]; see: http://www.netbeans.org/download/dev/javadoc/org-openide-modules/org/openide/modules/doc-files/classpath.html#class-path
WARNING [org.netbeans.modules.netbinox]: Cannot compute install area. No common prefix between C:\Users\Chris\Downloads\Netbeans Versions\netbeans 11.3\ and C:\Projekte\Netbeans Plugins\yeoman4netbeans\target\netbeans_clusters\extra
INFO [org.netbeans.modules.netbinox]: Install area set to file:/C:/Users/Chris/Downloads/Netbeans Versions/netbeans 11.3/
WARNING [org.netbeans.core.modules]: the modules [org.netbeans.modules.xml.text] use org.netbeans.modules.editor.deprecated.pre65formatting which is deprecated.
WARNING [org.netbeans.core.modules]: the modules [org.netbeans.modules.ide.kit, org.netbeans.modules.xml.text] use org.netbeans.modules.editor.structure which is deprecated.
INFO [org.netbeans.core.startup.NbEvents]: Turning on modules:
	slf4j.jdk14 [1.7.28 1.7.28]
	slf4j.api [1.7.28 1.7.28]
	org.openide.util.lookup [8.40 11.3-6b879cb782eaa4f13a731aff82eada11289a66f7]
	org.openide.util [9.14 11.3-6b879cb782eaa4f13a731aff82eada11289a66f7]
	org.openide.util.ui [9.15 11.3-6b879cb782eaa4f13a731aff82eada11289a66f7]
	org.openide.modules [7.55 11.3-6b879cb782eaa4f13a731aff82eada11289a66f7]
	org.netbeans.api.annotations.common/1 [1.34 11.3-6b879cb782eaa4f13a731aff82eada11289a66f7]
	org.openide.filesystems [9.17 11.3-6b879cb782eaa4f13a731aff82eada11289a66f7]
	org.openide.awt [7.75 11.3-6b879cb782eaa4f13a731aff82eada11289a66f7]
	org.netbeans.api.progress/1 [1.54 11.3-6b879cb782eaa4f13a731aff82eada11289a66f7]
	org.netbeans.api.progress.nb [1.54 11.3-6b879cb782eaa4f13a731aff82eada11289a66f7]
	org.openide.dialogs [7.49 11.3-6b879cb782eaa4f13a731aff82eada11289a66f7]
	org.openide.nodes [7.52 11.3-6b879cb782eaa4f13a731aff82eada11289a66f7]
	org.openide.windows [6.84 11.3-6b879cb782eaa4f13a731aff82eada11289a66f7]
	org.netbeans.libs.batik.read [1.0.0.1 1 11.3-6b879cb782eaa4f13a731aff82eada11289a66f7]
	org.openide.util.ui.svg [1.0 11.3-6b879cb782eaa4f13a731aff82eada11289a66f7]
	org.netbeans.modules.editor.mimelookup/1 [1.47 11.3-6b879cb782eaa4f13a731aff82eada11289a66f7]
	org.openide.text [6.74 11.3-6b879cb782eaa4f13a731aff82eada11289a66f7]
	org.netbeans.api.scripting [1.4 11.3-6b879cb782eaa4f13a731aff82eada11289a66f7]
	org.netbeans.swing.tabcontrol [1.63 11.3-6b879cb782eaa4f13a731aff82eada11289a66f7]
	org.netbeans.swing.outline [1.41 11.3-6b879cb782eaa4f13a731aff82eada11289a66f7]
	org.openide.explorer [6.69 11.3-6b879cb782eaa4f13a731aff82eada11289a66f7]
	org.openide.actions [6.46 11.3-6b879cb782eaa4f13a731aff82eada11289a66f7]
	org.netbeans.modules.queries/1 [1.50 11.3-6b879cb782eaa4f13a731aff82eada11289a66f7]
	org.netbeans.api.templates [1.15 11.3-6b879cb782eaa4f13a731aff82eada11289a66f7]
	org.openide.filesystems.nb [9.17 11.3-6b879cb782eaa4f13a731aff82eada11289a66f7]
	org.openide.loaders [7.74 11.3-6b879cb782eaa4f13a731aff82eada11289a66f7]
	org.netbeans.api.intent [1.9 11.3-6b879cb782eaa4f13a731aff82eada11289a66f7]
	org.netbeans.api.io [1.10 11.3-6b879cb782eaa4f13a731aff82eada11289a66f7]
	org.openide.io [1.56 11.3-6b879cb782eaa4f13a731aff82eada11289a66f7]
	org.openide.filesystems.compat8 [9.16 11.3-6b879cb782eaa4f13a731aff82eada11289a66f7]
	org.openide.execution [9.10 11.3-6b879cb782eaa4f13a731aff82eada11289a66f7]
	org.openide.execution.compat8 [9.9 11.3-6b879cb782eaa4f13a731aff82eada11289a66f7]
	org.netbeans.upgrader [4.42 11.3-6b879cb782eaa4f13a731aff82eada11289a66f7]
	org.netbeans.swing.plaf [1.49 11.3-6b879cb782eaa4f13a731aff82eada11289a66f7]
	org.netbeans.libs.flatlaf [1.0 11.3-6b879cb782eaa4f13a731aff82eada11289a66f7]
	org.netbeans.swing.laf.flatlaf [1.0 11.3-6b879cb782eaa4f13a731aff82eada11289a66f7]
	org.netbeans.swing.laf.dark/1 [2.1.2 2 11.3-6b879cb782eaa4f13a731aff82eada11289a66f7]
	org.netbeans.modules.projectapi/1 [1.74 11.3-6b879cb782eaa4f13a731aff82eada11289a66f7]
	org.netbeans.swing.dirchooser [1.36 11.3-6b879cb782eaa4f13a731aff82eada11289a66f7]
	org.netbeans.spi.viewmodel/2 [1.58 11.3-6b879cb782eaa4f13a731aff82eada11289a66f7]
	org.netbeans.spi.tasklist/1 [1.42.0.1 1 11.3-6b879cb782eaa4f13a731aff82eada11289a66f7]
	org.netbeans.spi.quicksearch [1.34 11.3-6b879cb782eaa4f13a731aff82eada11289a66f7]
	org.netbeans.spi.palette/1 [1.53 11.3-6b879cb782eaa4f13a731aff82eada11289a66f7]
	org.netbeans.spi.navigator/1 [1.45 11.3-6b879cb782eaa4f13a731aff82eada11289a66f7]
	org.netbeans.modules.editor.settings/1 [1.64 11.3-6b879cb782eaa4f13a731aff82eada11289a66f7]
	org.netbeans.modules.editor.util/1 [1.72 11.3-6b879cb782eaa4f13a731aff82eada11289a66f7]
	org.netbeans.modules.editor.document [1.16.0.3 3 11.3-6b879cb782eaa4f13a731aff82eada11289a66f7]
	org.netbeans.modules.lexer/2 [1.70.0.1 1 11.3-6b879cb782eaa4f13a731aff82eada11289a66f7]
	org.netbeans.modules.editor.lib2/1 [2.27.0.55.3 55 11.3-6b879cb782eaa4f13a731aff82eada11289a66f7]
	org.netbeans.modules.editor.settings.lib [1.58.0.1 1 11.3-6b879cb782eaa4f13a731aff82eada11289a66f7]
	org.netbeans.modules.editor.fold/1 [1.52 11.3-6b879cb782eaa4f13a731aff82eada11289a66f7]
	org.netbeans.modules.editor.indent/2 [1.50 11.3-6b879cb782eaa4f13a731aff82eada11289a66f7]
	org.netbeans.modules.editor.guards/1 [1.40 11.3-6b879cb782eaa4f13a731aff82eada11289a66f7]
	org.netbeans.modules.editor.lib/3 [4.14.0.23.3.55 23 11.3-6b879cb782eaa4f13a731aff82eada11289a66f7]
	org.netbeans.spi.editor.hints/0 [1.49.0.7.55 7 11.3-6b879cb782eaa4f13a731aff82eada11289a66f7]
	org.netbeans.modules.keyring [1.31 11.3-6b879cb782eaa4f13a731aff82eada11289a66f7]
	org.netbeans.libs.asm [5.10 11.3-6b879cb782eaa4f13a731aff82eada11289a66f7]
	org.netbeans.bootstrap/1 [2.85 11.3-6b879cb782eaa4f13a731aff82eada11289a66f7]
	org.netbeans.core.startup.base [1.69.0.1 1 11.3-6b879cb782eaa4f13a731aff82eada11289a66f7]
	org.netbeans.core.startup/1 [1.69.0.1 11.3-6b879cb782eaa4f13a731aff82eada11289a66f7]
	org.netbeans.modules.sampler [1.21 11.3-6b879cb782eaa4f13a731aff82eada11289a66f7]
	org.netbeans.core/2 [3.58 11.3-6b879cb782eaa4f13a731aff82eada11289a66f7]
	org.netbeans.modules.options.api/1 [1.52 11.3-6b879cb782eaa4f13a731aff82eada11289a66f7]
	org.netbeans.modules.projectuiapi.base/1 [1.92.0.9 9 11.3-6b879cb782eaa4f13a731aff82eada11289a66f7]
	org.netbeans.modules.projectuiapi/1 [1.95.0.8 8 11.3-6b879cb782eaa4f13a731aff82eada11289a66f7]
	org.netbeans.modules.editor.tools.storage [1.15 11.3-6b879cb782eaa4f13a731aff82eada11289a66f7]
	org.netbeans.modules.options.keymap [1.44 11.3-6b879cb782eaa4f13a731aff82eada11289a66f7]
	org.netbeans.modules.editor.settings.storage/1 [1.59.0.1 11.3-6b879cb782eaa4f13a731aff82eada11289a66f7]
	org.netbeans.modules.editor.fold.nbui [1.19.0.55 11.3-6b879cb782eaa4f13a731aff82eada11289a66f7]
	org.netbeans.modules.editor/3 [1.94.0.6.3.23.55 6 11.3-6b879cb782eaa4f13a731aff82eada11289a66f7]
	org.netbeans.modules.options.editor/1 [1.67 11.3-6b879cb782eaa4f13a731aff82eada11289a66f7]
	org.netbeans.spi.editor.hints.projects [1.18.0.1.7 1 11.3-6b879cb782eaa4f13a731aff82eada11289a66f7]
	org.netbeans.api.debugger/1 [1.62 11.3-6b879cb782eaa4f13a731aff82eada11289a66f7]
	org.netbeans.spi.debugger.ui/1 [2.61 11.3-6b879cb782eaa4f13a731aff82eada11289a66f7]
	org.netbeans.core.multiview/1 [1.51 11.3-6b879cb782eaa4f13a731aff82eada11289a66f7]
	org.netbeans.api.xml/1 [1.51 11.3-6b879cb782eaa4f13a731aff82eada11289a66f7]
	org.netbeans.modules.xml.core/2 [1.50.0.4 4 11.3-6b879cb782eaa4f13a731aff82eada11289a66f7]
	org.netbeans.modules.xml.xam/1 [1.39.0.1 1 11.3-6b879cb782eaa4f13a731aff82eada11289a66f7]
	org.netbeans.api.xml.ui/1 [1.51 11.3-6b879cb782eaa4f13a731aff82eada11289a66f7]
	org.apache.xml.resolver [1.38.0.12 12 11.3-6b879cb782eaa4f13a731aff82eada11289a66f7]
	org.netbeans.modules.xml.retriever/1 [1.38 11.3-6b879cb782eaa4f13a731aff82eada11289a66f7]
	org.netbeans.modules.xml.schema.model/1 [1.39.0.1 1 11.3-6b879cb782eaa4f13a731aff82eada11289a66f7]
	org.netbeans.modules.xml.axi [1.40 11.3-6b879cb782eaa4f13a731aff82eada11289a66f7]
	org.netbeans.modules.editor.indent.support [1.49 11.3-6b879cb782eaa4f13a731aff82eada11289a66f7]
	org.netbeans.api.java.classpath/1 [1.61 11.3-6b879cb782eaa4f13a731aff82eada11289a66f7]
	org.netbeans.libs.lucene/3 [3.26 11.3-6b879cb782eaa4f13a731aff82eada11289a66f7]
	org.netbeans.modules.masterfs/2 [2.62.0.2 2 11.3-6b879cb782eaa4f13a731aff82eada11289a66f7]
	org.netbeans.modules.parsing.lucene/2 [2.42.0.1 1 11.3-6b879cb782eaa4f13a731aff82eada11289a66f7]
	org.netbeans.modules.parsing.api/1 [9.14.0.8 8 11.3-6b879cb782eaa4f13a731aff82eada11289a66f7]
	org.netbeans.modules.editor.breadcrumbs/0 [1.24 11.3-6b879cb782eaa4f13a731aff82eada11289a66f7]
	org.netbeans.modules.editor.bracesmatching/0 [1.46.0.55 11.3-6b879cb782eaa4f13a731aff82eada11289a66f7]
	org.netbeans.modules.editor.deprecated.pre65formatting/0 [1.38.0.1.6.23.55 1 11.3-6b879cb782eaa4f13a731aff82eada11289a66f7]
	org.netbeans.modules.editor.errorstripe.api/1 [2.39.0.1 1 11.3-6b879cb782eaa4f13a731aff82eada11289a66f7]
	org.netbeans.modules.editor.errorstripe/2 [2.41.0.1.1 1 11.3-6b879cb782eaa4f13a731aff82eada11289a66f7]
	org.netbeans.modules.editor.completion/1 [1.51.0.2 2 11.3-6b879cb782eaa4f13a731aff82eada11289a66f7]
	org.netbeans.modules.editor.codetemplates/1 [1.50.0.1 1 11.3-6b879cb782eaa4f13a731aff82eada11289a66f7]
	org.netbeans.modules.editor.actions/1 [1.38.0.55 11.3-6b879cb782eaa4f13a731aff82eada11289a66f7]
	org.netbeans.modules.project.indexingbridge [1.24 11.3-6b879cb782eaa4f13a731aff82eada11289a66f7]
	org.netbeans.modules.parsing.indexing [9.15.0.1.3.8 1 11.3-6b879cb782eaa4f13a731aff82eada11289a66f7]
	org.netbeans.modules.diff/1 [1.58.0.42.1 42 11.3-6b879cb782eaa4f13a731aff82eada11289a66f7]
	org.netbeans.modules.refactoring.api [1.54.0.1 1 11.3-6b879cb782eaa4f13a731aff82eada11289a66f7]
	org.netbeans.modules.csl.types/1 [1.7 11.3-6b879cb782eaa4f13a731aff82eada11289a66f7]
	org.netbeans.core.ui/1 [1.52 11.3-6b879cb782eaa4f13a731aff82eada11289a66f7]
	org.netbeans.api.search [1.28 11.3-6b879cb782eaa4f13a731aff82eada11289a66f7]
	org.netbeans.modules.jumpto/1 [1.61.0.1 1 11.3-6b879cb782eaa4f13a731aff82eada11289a66f7]
	org.netbeans.modules.csl.api/2 [2.61.0.2.1.1.8.1 2 11.3-6b879cb782eaa4f13a731aff82eada11289a66f7]
	org.netbeans.modules.editor.structure/1 [1.54.0.1 1 11.3-6b879cb782eaa4f13a731aff82eada11289a66f7]
	org.netbeans.modules.xml.lexer [1.37 11.3-6b879cb782eaa4f13a731aff82eada11289a66f7]
	org.netbeans.modules.xml.text/2 [1.66.0.1 1 11.3-6b879cb782eaa4f13a731aff82eada11289a66f7]
	org.netbeans.modules.xml [1.40 11.3-6b879cb782eaa4f13a731aff82eada11289a66f7]
	org.netbeans.modules.servletapi/1 [1.46 11.3-6b879cb782eaa4f13a731aff82eada11289a66f7]
	org.netbeans.modules.httpserver/2 [2.43.0.42 42 11.3-6b879cb782eaa4f13a731aff82eada11289a66f7]
	org.netbeans.modules.xsl/1 [1.51 11.3-6b879cb782eaa4f13a731aff82eada11289a66f7]
	org.netbeans.modules.xml.xdm/1 [1.41.0.1 1 11.3-6b879cb782eaa4f13a731aff82eada11289a66f7]
	org.netbeans.libs.xerces/1 [1.45.0.281 281 11.3-6b879cb782eaa4f13a731aff82eada11289a66f7]
	org.netbeans.modules.xml.tax/2 [1.51.0.281 11.3-6b879cb782eaa4f13a731aff82eada11289a66f7]
	org.netbeans.modules.xml.tools/2 [1.50 11.3-6b879cb782eaa4f13a731aff82eada11289a66f7]
	org.netbeans.modules.xml.schema.completion [1.38 11.3-6b879cb782eaa4f13a731aff82eada11289a66f7]
	org.netbeans.modules.xml.catalog/2 [3.11.0.4 4 11.3-6b879cb782eaa4f13a731aff82eada11289a66f7]
	org.netbeans.modules.xml.catalog.ui [2.10.0.4 11.3-6b879cb782eaa4f13a731aff82eada11289a66f7]
	org.netbeans.core.execution/1 [1.48 11.3-6b879cb782eaa4f13a731aff82eada11289a66f7]
	org.netbeans.modules.sendopts/2 [2.43 11.3-6b879cb782eaa4f13a731aff82eada11289a66f7]
	org.netbeans.modules.favorites/1 [1.53 11.3-6b879cb782eaa4f13a731aff82eada11289a66f7]
	org.netbeans.modules.projectui [1.65.0.8.9 11.3-6b879cb782eaa4f13a731aff82eada11289a66f7]
	org.netbeans.modules.welcome/1 [1.49 11.3-6b879cb782eaa4f13a731aff82eada11289a66f7]
	org.netbeans.libs.json_simple/1 [0.19 11.3-6b879cb782eaa4f13a731aff82eada11289a66f7]
	org.netbeans.modules.web.common [1.105 11.3-6b879cb782eaa4f13a731aff82eada11289a66f7]
	org.netbeans.modules.web.indent [1.27 11.3-6b879cb782eaa4f13a731aff82eada11289a66f7]
	org.netbeans.modules.extexecution.base/2 [1.11 11.3-6b879cb782eaa4f13a731aff82eada11289a66f7]
	org.netbeans.modules.extexecution/2 [1.55 11.3-6b879cb782eaa4f13a731aff82eada11289a66f7]
	org.netbeans.modules.web.common.ui [1.8 11.3-6b879cb782eaa4f13a731aff82eada11289a66f7]
	org.netbeans.modules.gsf.testrunner/2 [2.16 11.3-6b879cb782eaa4f13a731aff82eada11289a66f7]
	org.netbeans.modules.gsf.testrunner.ui [1.17 11.3-6b879cb782eaa4f13a731aff82eada11289a66f7]
	org.netbeans.modules.gototest/1 [1.40 11.3-6b879cb782eaa4f13a731aff82eada11289a66f7]
	org.netbeans.modules.project.libraries/1 [1.60 11.3-6b879cb782eaa4f13a731aff82eada11289a66f7]
	org.netbeans.modules.project.libraries.ui/1 [1.59 11.3-6b879cb782eaa4f13a731aff82eada11289a66f7]
	org.netbeans.libs.antlr3.runtime [1.28.0.1 1 11.3-6b879cb782eaa4f13a731aff82eada11289a66f7]
	org.netbeans.modules.css.lib/1 [1.90 11.3-6b879cb782eaa4f13a731aff82eada11289a66f7]
	org.netbeans.modules.html.lexer/1 [1.45 11.3-6b879cb782eaa4f13a731aff82eada11289a66f7]
	org.netbeans.modules.html.editor.lib/3 [3.39 11.3-6b879cb782eaa4f13a731aff82eada11289a66f7]
	org.netbeans.modules.css.model [1.38 11.3-6b879cb782eaa4f13a731aff82eada11289a66f7]
	org.netbeans.modules.css.editor/1 [1.75 11.3-6b879cb782eaa4f13a731aff82eada11289a66f7]
	org.netbeans.modules.extbrowser/1 [1.60 11.3-6b879cb782eaa4f13a731aff82eada11289a66f7]
	org.netbeans.modules.settings/1 [1.56 11.3-6b879cb782eaa4f13a731aff82eada11289a66f7]
	org.netbeans.core.windows/2 [2.90 11.3-6b879cb782eaa4f13a731aff82eada11289a66f7]
	org.netbeans.modules.web.browser.api [1.52 11.3-6b879cb782eaa4f13a731aff82eada11289a66f7]
	org.netbeans.modules.html/1 [1.68 11.3-6b879cb782eaa4f13a731aff82eada11289a66f7]
	org.netbeans.modules.html.editor/2 [2.62 11.3-6b879cb782eaa4f13a731aff82eada11289a66f7]
	org.netbeans.modules.gsf.codecoverage [1.39 11.3-6b879cb782eaa4f13a731aff82eada11289a66f7]
	org.netbeans.modules.project.spi.intern [1.10 11.3-6b879cb782eaa4f13a731aff82eada11289a66f7]
	org.netbeans.modules.project.ant/1 [1.74 11.3-6b879cb782eaa4f13a731aff82eada11289a66f7]
	org.netbeans.modules.web.clientproject.api [1.110 11.3-6b879cb782eaa4f13a731aff82eada11289a66f7]
	org.netbeans.modules.versioning.core/1 [1.38.0.1.42 1 11.3-6b879cb782eaa4f13a731aff82eada11289a66f7]
	org.netbeans.modules.versioning/1 [1.54.0.1 1 11.3-6b879cb782eaa4f13a731aff82eada11289a66f7]
	org.netbeans.modules.spellchecker.apimodule [1.32 11.3-6b879cb782eaa4f13a731aff82eada11289a66f7]
	org.netbeans.modules.versioning.util [1.77.0.42.1 11.3-6b879cb782eaa4f13a731aff82eada11289a66f7]
	org.netbeans.modules.team.commons [1.57 11.3-6b879cb782eaa4f13a731aff82eada11289a66f7]
	org.netbeans.modules.versioning.ui/1 [1.29.0.42.1 11.3-6b879cb782eaa4f13a731aff82eada11289a66f7]
	org.netbeans.modules.autoupdate.services [1.62 11.3-6b879cb782eaa4f13a731aff82eada11289a66f7]
	org.netbeans.modules.autoupdate.ui [1.53 11.3-6b879cb782eaa4f13a731aff82eada11289a66f7]
	org.netbeans.modules.versioning.system.cvss.installer [1.23 11.3-6b879cb782eaa4f13a731aff82eada11289a66f7]
	org.netbeans.modules.masterfs.ui [2.10.0.2 11.3-6b879cb782eaa4f13a731aff82eada11289a66f7]
	org.netbeans.modules.versioning.masterfs [1.21 11.3-6b879cb782eaa4f13a731aff82eada11289a66f7]
	org.netbeans.modules.versioning.indexingbridge/0 [1.32 11.3-6b879cb782eaa4f13a731aff82eada11289a66f7]
	org.netbeans.modules.utilities/1 [1.68 11.3-6b879cb782eaa4f13a731aff82eada11289a66f7]
	org.netbeans.modules.utilities.project/1 [1.45 11.3-6b879cb782eaa4f13a731aff82eada11289a66f7]
	org.netbeans.modules.javahelp/1 [2.48 11.3-6b879cb782eaa4f13a731aff82eada11289a66f7]
	org.netbeans.modules.usersguide/1 [1.55 11.3-6b879cb782eaa4f13a731aff82eada11289a66f7]
	org.netbeans.modules.updatecenters/1 [1.47 11.3-6b879cb782eaa4f13a731aff82eada11289a66f7]
	org.netbeans.lib.uihandler [1.52 11.3-6b879cb782eaa4f13a731aff82eada11289a66f7]
	org.netbeans.modules.uihandler [2.42 11.3-6b879cb782eaa4f13a731aff82eada11289a66f7]
	org.netbeans.modules.uihandler.exceptionreporter [1.36 11.3-6b879cb782eaa4f13a731aff82eada11289a66f7]
	com.google.gson [2.8.5 2.8.5]
	org.netbeans.modules.textmate.lexer/0 [1.5.1 1 11.3-6b879cb782eaa4f13a731aff82eada11289a66f7]
	org.netbeans.modules.terminal [1.34 11.3-6b879cb782eaa4f13a731aff82eada11289a66f7]
	org.netbeans.lib.terminalemulator [1.44 11.3-6b879cb782eaa4f13a731aff82eada11289a66f7]
	org.netbeans.modules.terminal.nb [1.7 11.3-6b879cb782eaa4f13a731aff82eada11289a66f7]
	org.netbeans.modules.templates/1 [1.14 11.3-6b879cb782eaa4f13a731aff82eada11289a66f7]
	org.netbeans.modules.team.ide [1.20 11.3-6b879cb782eaa4f13a731aff82eada11289a66f7]
	org.netbeans.modules.tasklist.ui/1 [1.38.0.1.1 1 11.3-6b879cb782eaa4f13a731aff82eada11289a66f7]
	org.netbeans.modules.tasklist.todo/1 [1.38.0.1 1 11.3-6b879cb782eaa4f13a731aff82eada11289a66f7]
	org.netbeans.modules.tasklist.projectint/1 [1.36 11.3-6b879cb782eaa4f13a731aff82eada11289a66f7]
	org.netbeans.modules.tasklist.kit [1.35 11.3-6b879cb782eaa4f13a731aff82eada11289a66f7]
	org.netbeans.libs.ini4j/1 [1.41 11.3-6b879cb782eaa4f13a731aff82eada11289a66f7]
	org.netbeans.libs.svnClientAdapter/1 [1.47 11.3-6b879cb782eaa4f13a731aff82eada11289a66f7]
	org.netbeans.modules.subversion [1.48.0.42.1 11.3-6b879cb782eaa4f13a731aff82eada11289a66f7]
	org.netbeans.modules.editor.plain.lib/1 [1.40 11.3-6b879cb782eaa4f13a731aff82eada11289a66f7]
	org.netbeans.modules.spellchecker [1.42.0.1.7 1 11.3-6b879cb782eaa4f13a731aff82eada11289a66f7]
	org.netbeans.modules.spellchecker.kit [1.32 11.3-6b879cb782eaa4f13a731aff82eada11289a66f7]
	org.netbeans.modules.spellchecker.dictionary_en [1.29 11.3-6b879cb782eaa4f13a731aff82eada11289a66f7]
	org.netbeans.modules.properties/1 [1.62 11.3-6b879cb782eaa4f13a731aff82eada11289a66f7]
	org.netbeans.modules.properties.syntax/1 [1.57 11.3-6b879cb782eaa4f13a731aff82eada11289a66f7]
	org.netbeans.modules.spellchecker.bindings.properties [1.29 11.3-6b879cb782eaa4f13a731aff82eada11289a66f7]
	org.netbeans.modules.spellchecker.bindings.htmlxml [1.34 11.3-6b879cb782eaa4f13a731aff82eada11289a66f7]
	org.netbeans.core.ide/1 [1.48 11.3-6b879cb782eaa4f13a731aff82eada11289a66f7]
	org.netbeans.modules.server/0 [1.40 11.3-6b879cb782eaa4f13a731aff82eada11289a66f7]
	org.netbeans.modules.selenium2.server [1.10 11.3-6b879cb782eaa4f13a731aff82eada11289a66f7]
	org.netbeans.modules.selenium2 [1.12 11.3-6b879cb782eaa4f13a731aff82eada11289a66f7]
	org.netbeans.modules.selenium2.webclient [1.14 11.3-6b879cb782eaa4f13a731aff82eada11289a66f7]
	org.netbeans.modules.projectapi.nb [1.10 11.3-6b879cb782eaa4f13a731aff82eada11289a66f7]
	org.netbeans.modules.project.spi.intern.impl [1.10 11.3-6b879cb782eaa4f13a731aff82eada11289a66f7]
	org.netbeans.modules.project.ant.compat8/1 [1.74 11.3-6b879cb782eaa4f13a731aff82eada11289a66f7]
	org.netbeans.modules.progress.ui [1.40 11.3-6b879cb782eaa4f13a731aff82eada11289a66f7]
	org.netbeans.modules.print.editor [7.33 11.3-6b879cb782eaa4f13a731aff82eada11289a66f7]
	org.netbeans.modules.print [7.33 11.3-6b879cb782eaa4f13a731aff82eada11289a66f7]
	org.netbeans.modules.parsing.ui [1.21.0.1 11.3-6b879cb782eaa4f13a731aff82eada11289a66f7]
	org.netbeans.modules.parsing.nb [1.10.0.8.1 11.3-6b879cb782eaa4f13a731aff82eada11289a66f7]
	org.netbeans.modules.notifications [1.15 11.3-6b879cb782eaa4f13a731aff82eada11289a66f7]
	org.netbeans.libs.osgi [1.29 11.3-6b879cb782eaa4f13a731aff82eada11289a66f7]
	org.netbeans.core.netigso [1.38 11.3-6b879cb782eaa4f13a731aff82eada11289a66f7]
	org.netbeans.modules.netbinox [1.48 11.3-6b879cb782eaa4f13a731aff82eada11289a66f7]
	org.eclipse.mylyn.commons.net [3.17.0 3.17.0.v20150706-2057]
	org.eclipse.mylyn.tasks.core [3.17.0 3.17.0.v20150828-2026]
	org.eclipse.core.jobs [3.5.100 3.5.100.v20110404]
	org.eclipse.mylyn.wikitext.core [2.6.0 2.6.0.v20150901-2143]
	org.netbeans.modules.bugtracking [1.116 11.3-6b879cb782eaa4f13a731aff82eada11289a66f7]
	org.eclipse.equinox.common [3.6.0 3.6.0.v20110523]
	org.eclipse.core.runtime [3.7.0 3.7.0.v20110110]
	org.netbeans.modules.mylyn.util [1.43 11.3-6b879cb782eaa4f13a731aff82eada11289a66f7]
	org.netbeans.modules.mercurial [1.49.0.42.1 11.3-6b879cb782eaa4f13a731aff82eada11289a66f7]
	org.netbeans.libs.jna/2 [2.2 11.3-6b879cb782eaa4f13a731aff82eada11289a66f7]
	org.netbeans.modules.masterfs.windows [1.23 11.3-6b879cb782eaa4f13a731aff82eada11289a66f7]
	org.netbeans.modules.masterfs.nio2 [1.22 11.3-6b879cb782eaa4f13a731aff82eada11289a66f7]
	org.netbeans.libs.flexmark [1.0 11.3-6b879cb782eaa4f13a731aff82eada11289a66f7]
	com.google.guava [15.0.0 15.0.0]
	org.netbeans.modules.lsp.client/0 [1.4.1.1 1 11.3-6b879cb782eaa4f13a731aff82eada11289a66f7]
	org.netbeans.modules.bugtracking.commons [1.15 11.3-6b879cb782eaa4f13a731aff82eada11289a66f7]
	org.netbeans.modules.localtasks [1.32 11.3-6b879cb782eaa4f13a731aff82eada11289a66f7]
	org.netbeans.modules.localhistory [1.41 11.3-6b879cb782eaa4f13a731aff82eada11289a66f7]
	org.netbeans.modules.lexer.nbbridge/1 [1.39.0.1 11.3-6b879cb782eaa4f13a731aff82eada11289a66f7]
	org.netbeans.libs.bytelist/1 [0.36.0.1 1 11.3-6b879cb782eaa4f13a731aff82eada11289a66f7]
	org.netbeans.libs.jvyamlb/1 [0.36 11.3-6b879cb782eaa4f13a731aff82eada11289a66f7]
	org.netbeans.modules.languages.yaml [2.39 11.3-6b879cb782eaa4f13a731aff82eada11289a66f7]
	org.netbeans.modules.languages.manifest [1.39 11.3-6b879cb782eaa4f13a731aff82eada11289a66f7]
	org.netbeans.modules.languages.diff [1.40 11.3-6b879cb782eaa4f13a731aff82eada11289a66f7]
	org.netbeans.modules.keyring.fallback [1.15 11.3-6b879cb782eaa4f13a731aff82eada11289a66f7]
	org.netbeans.modules.keyring.impl [1.31 11.3-6b879cb782eaa4f13a731aff82eada11289a66f7]
	org.netbeans.modules.javascript2.debug/1 [1.24 11.3-6b879cb782eaa4f13a731aff82eada11289a66f7]
	org.netbeans.modules.javascript2.debug.ui/1 [1.10 11.3-6b879cb782eaa4f13a731aff82eada11289a66f7]
	org.netbeans.lib.v8debug/1 [1.23 11.3-6b879cb782eaa4f13a731aff82eada11289a66f7]
	org.netbeans.modules.javascript.v8debug/1 [1.17.0.1 1 11.3-6b879cb782eaa4f13a731aff82eada11289a66f7]
	org.netbeans.modules.javascript.v8debug.ui/1 [1.6.0.1 11.3-6b879cb782eaa4f13a731aff82eada11289a66f7]
	org.netbeans.modules.janitor [1.0 11.3-6b879cb782eaa4f13a731aff82eada11289a66f7]
	org.netbeans.modules.image/1 [1.55 11.3-6b879cb782eaa4f13a731aff82eada11289a66f7]
	org.netbeans.core.multitabs/1 [1.19.0.1 1 11.3-6b879cb782eaa4f13a731aff82eada11289a66f7]
	org.netbeans.modules.editor.bookmarks/1 [1.44 11.3-6b879cb782eaa4f13a731aff82eada11289a66f7]
	com.jcraft.jsch [0.1.55 0.1.55]
	org.netbeans.modules.dlight.nativeexecution [1.46.0.1 1 11.3-6b879cb782eaa4f13a731aff82eada11289a66f7]
	org.netbeans.modules.dlight.terminal [1.30.0.1 1 11.3-6b879cb782eaa4f13a731aff82eada11289a66f7]
	org.netbeans.core.multitabs.project [1.17.0.1.1 1 11.3-6b879cb782eaa4f13a731aff82eada11289a66f7]
	org.netbeans.modules.editor.search [1.32.0.0.55 0 11.3-6b879cb782eaa4f13a731aff82eada11289a66f7]
	org.apache.commons.logging [1.2 1.2]
	org.netbeans.modules.html.parser/1 [1.41.0.1 1 11.3-6b879cb782eaa4f13a731aff82eada11289a66f7]
	org.netbeans.modules.html.validation/1 [1.37 11.3-6b879cb782eaa4f13a731aff82eada11289a66f7]
	org.netbeans.core.output2/1 [1.49 11.3-6b879cb782eaa4f13a731aff82eada11289a66f7]
	org.netbeans.modules.css.visual/3 [3.39 11.3-6b879cb782eaa4f13a731aff82eada11289a66f7]
	org.netbeans.modules.editor.kit [1.40 11.3-6b879cb782eaa4f13a731aff82eada11289a66f7]
	org.netbeans.modules.autoupdate.cli [1.20 11.3-6b879cb782eaa4f13a731aff82eada11289a66f7]
	org.netbeans.libs.felix [2.22 11.3-6b879cb782eaa4f13a731aff82eada11289a66f7]
	org.netbeans.modules.core.kit [1.38 11.3-6b879cb782eaa4f13a731aff82eada11289a66f7]
	org.netbeans.modules.defaults/1 [1.38 11.3-6b879cb782eaa4f13a731aff82eada11289a66f7]
	org.netbeans.modules.editor.macros/0 [1.38.0.1.23 1 11.3-6b879cb782eaa4f13a731aff82eada11289a66f7]
	org.netbeans.modules.editor.plain/2 [1.42 11.3-6b879cb782eaa4f13a731aff82eada11289a66f7]
	org.netbeans.modules.ide.kit [1.40 11.3-6b879cb782eaa4f13a731aff82eada11289a66f7]
	org.netbeans.modules.ide.ergonomics [1.34 11.3-6b879cb782eaa4f13a731aff82eada11289a66f7]
	org.netbeans.modules.autoupdate.pluginimporter [1.27 11.3-6b879cb782eaa4f13a731aff82eada11289a66f7]
	org.netbeans.modules.deadlock.detector [1.13 11.3-6b879cb782eaa4f13a731aff82eada11289a66f7]
	org.netbeans.modules.ide.branding/1 [1.39 11.3-6b879cb782eaa4f13a731aff82eada11289a66f7]
	org.netbeans.modules.ide.branding.kit [1.35 11.3-6b879cb782eaa4f13a731aff82eada11289a66f7]
	org.netbeans.libs.commons_net/2 [2.29.0.36 36 11.3-6b879cb782eaa4f13a731aff82eada11289a66f7]
	org.netbeans.modules.hudson [2.20 11.3-6b879cb782eaa4f13a731aff82eada11289a66f7]
	org.netbeans.modules.hudson.ui [1.18 11.3-6b879cb782eaa4f13a731aff82eada11289a66f7]
	org.netbeans.modules.hudson.tasklist [1.24 11.3-6b879cb782eaa4f13a731aff82eada11289a66f7]
	org.netbeans.modules.hudson.subversion [1.36 11.3-6b879cb782eaa4f13a731aff82eada11289a66f7]
	org.netbeans.modules.hudson.mercurial [1.36 11.3-6b879cb782eaa4f13a731aff82eada11289a66f7]
	org.netbeans.modules.hudson.git [1.25 11.3-6b879cb782eaa4f13a731aff82eada11289a66f7]
	org.netbeans.modules.html.custom [1.13 11.3-6b879cb782eaa4f13a731aff82eada11289a66f7]
	org.eclipse.jgit [5.5.0 5.5.0.201909110433-r]
	org.netbeans.libs.jna.platform/2 [2.2 11.3-6b879cb782eaa4f13a731aff82eada11289a66f7]
	org.netbeans.libs.jsch.agentproxy/1 [0.21 11.3-6b879cb782eaa4f13a731aff82eada11289a66f7]
	org.netbeans.libs.git/1 [1.40 11.3-6b879cb782eaa4f13a731aff82eada11289a66f7]
	org.netbeans.modules.git [1.29.0.1 11.3-6b879cb782eaa4f13a731aff82eada11289a66f7]
	org.netbeans.modules.extexecution.process.jdk9 [1.7 11.3-6b879cb782eaa4f13a731aff82eada11289a66f7]
	org.apache.commons.io [2.6.0 2.6.0]
	org.netbeans.modules.extexecution.process [1.34 11.3-6b879cb782eaa4f13a731aff82eada11289a66f7]
	org.netbeans.modules.extexecution.impl [1.32 11.3-6b879cb782eaa4f13a731aff82eada11289a66f7]
	org.netbeans.modules.editor.mimelookup.impl/1 [1.39 11.3-6b879cb782eaa4f13a731aff82eada11289a66f7]
	org.netbeans.modules.editor.indent.project/0 [1.29 11.3-6b879cb782eaa4f13a731aff82eada11289a66f7]
	org.netbeans.modules.editor.global.format/1 [1.22.0.1 1 11.3-6b879cb782eaa4f13a731aff82eada11289a66f7]
	org.netbeans.libs.commons_compress/0 [0.13.0.181 181 11.3-6b879cb782eaa4f13a731aff82eada11289a66f7]
	libs.c.kohlschutter.junixsocket/1 [2.22 11.3-6b879cb782eaa4f13a731aff82eada11289a66f7]
	org.netbeans.modules.docker.api/0 [1.27 11.3-6b879cb782eaa4f13a731aff82eada11289a66f7]
	org.netbeans.modules.docker.ui/0 [1.7 11.3-6b879cb782eaa4f13a731aff82eada11289a66f7]
	org.netbeans.modules.docker.editor/0 [1.7 11.3-6b879cb782eaa4f13a731aff82eada11289a66f7]
	org.netbeans.modules.dlight.nativeexecution.nb [1.7 11.3-6b879cb782eaa4f13a731aff82eada11289a66f7]
	org.netbeans.modules.db.metadata.model/1 [1.18 11.3-6b879cb782eaa4f13a731aff82eada11289a66f7]
	org.netbeans.modules.db/1 [1.73.0.30 30 11.3-6b879cb782eaa4f13a731aff82eada11289a66f7]
	org.netbeans.modules.dbapi [1.41.0.30 11.3-6b879cb782eaa4f13a731aff82eada11289a66f7]
	org.netbeans.modules.derby [1.47 11.3-6b879cb782eaa4f13a731aff82eada11289a66f7]
	org.netbeans.api.visual [2.55 11.3-6b879cb782eaa4f13a731aff82eada11289a66f7]
	org.netbeans.modules.db.sql.visualeditor/1 [2.38.0.30 11.3-6b879cb782eaa4f13a731aff82eada11289a66f7]
	org.netbeans.modules.db.dataview [1.40 11.3-6b879cb782eaa4f13a731aff82eada11289a66f7]
	org.netbeans.modules.db.core [1.44 11.3-6b879cb782eaa4f13a731aff82eada11289a66f7]
	org.netbeans.modules.db.sql.editor [1.43.0.30 11.3-6b879cb782eaa4f13a731aff82eada11289a66f7]
	org.netbeans.modules.db.mysql [0.35.0.2 2 11.3-6b879cb782eaa4f13a731aff82eada11289a66f7]
	org.netbeans.modules.db.drivers [1.37 11.3-6b879cb782eaa4f13a731aff82eada11289a66f7]
	org.netbeans.modules.db.kit [1.37 11.3-6b879cb782eaa4f13a731aff82eada11289a66f7]
	org.netbeans.modules.css.prep [1.37 11.3-6b879cb782eaa4f13a731aff82eada11289a66f7]
	org.eclipse.mylyn.bugzilla.core [3.17.0 3.17.0.v20150828-2026]
	org.apache.commons.httpclient [3.1.0 3.1.0]
	org.netbeans.modules.bugzilla [1.84 11.3-6b879cb782eaa4f13a731aff82eada11289a66f7]
	org.netbeans.modules.bugzilla.exceptionreporter [1.31 11.3-6b879cb782eaa4f13a731aff82eada11289a66f7]
	org.netbeans.modules.bugtracking.bridge [1.52 11.3-6b879cb782eaa4f13a731aff82eada11289a66f7]
	org.netbeans.libs.graalsdk [1.4 11.3-6b879cb782eaa4f13a731aff82eada11289a66f7]
	org.netbeans.libs.truffleapi [1.5 11.3-6b879cb782eaa4f13a731aff82eada11289a66f7]
	org.netbeans.libs.svnClientAdapter.javahl/1 [1.31 11.3-6b879cb782eaa4f13a731aff82eada11289a66f7]
	org.netbeans.libs.graaljs/1 [1.4 11.3-6b879cb782eaa4f13a731aff82eada11289a66f7]
	org.netbeans.libs.freemarker/1 [2.41.0.238 238 11.3-6b879cb782eaa4f13a731aff82eada11289a66f7]
	org.netbeans.core.network [1.19 11.3-6b879cb782eaa4f13a731aff82eada11289a66f7]
	org.netbeans.core.nativeaccess/1 [1.38 11.3-6b879cb782eaa4f13a731aff82eada11289a66f7]
	org.netbeans.core.io.ui/1 [1.37 11.3-6b879cb782eaa4f13a731aff82eada11289a66f7]
	org.netbeans.core.browser/1 [1.35.0.1 1 11.3-6b879cb782eaa4f13a731aff82eada11289a66f7]
	org.netbeans.api.progress.compat8 [1.54 11.3-6b879cb782eaa4f13a731aff82eada11289a66f7]
	org.eclipse.mylyn.commons.xmlrpc [3.17.0 3.17.0.v20150625-2042]
	org.eclipse.mylyn.commons.repositories.core [1.9.0 1.9.0.v20150625-2042]
	org.eclipse.mylyn.commons.core [3.17.0 3.17.0.v20150625-2042]
	org.eclipse.equinox.security [1.1.1 1.1.1.R37x_v20110822-1018]
	org.eclipse.equinox.registry [3.5.200 3.5.200.v20120522-1841]
	org.eclipse.equinox.preferences [3.4.2 3.4.2.v20120111-2020]
	org.eclipse.equinox.app [1.3.100 1.3.100.v20110321]
	org.eclipse.core.runtime.compatibility.auth [3.2.200 3.2.200.v20110110]
	org.eclipse.core.net [1.2.100 1.2.100.I20110511-0800]
	org.eclipse.core.contenttype [3.4.100 3.4.100.v20110423-0524]
	org.apache.xmlrpc [3.1.3 3.1.3]
	org.apache.ws.commons.util [1.0.1 1.0.1]
	org.apache.commons.lang [2.6 2.6]
	org.apache.commons.codec [1.13.0 1.13.0]
	io.github.chris2011.netbeans.plugins.yeoman4netbeans [1.0.0 1.0.0-20220329 202203291912]
	com.jcraft.jzlib [1.1.3 1.1.3]
	com.googlecode.javaewah.JavaEWAH [1.1.6 1.1.6]
	bcprov [1.64 1.64]
	bcpg [1.64 1.64]
INFO [org.netbeans.core.netigso.Netigso]: bundle org.eclipse.mylyn.wikitext.confluence.core@2.6.0.v20150901-2143 resolved
INFO [org.netbeans.core.netigso.Netigso]: bundle org.eclipse.mylyn.wikitext.markdown.core@2.6.0.v20150901-2143 resolved
INFO [org.netbeans.core.netigso.Netigso]: bundle org.eclipse.mylyn.wikitext.textile.core@2.6.0.v20150901-2143 resolved
INFO [org.netbeans.core.netigso.Netigso]: bundle net.java.html.json@1.7.0 resolved
INFO [org.netbeans.core.netigso.Netigso]: bundle net.java.html.boot.fx@1.7.0 resolved
INFO [org.netbeans.core.netigso.Netigso]: bundle net.java.html.boot@1.7.0 resolved
INFO [org.netbeans.core.netigso.Netigso]: bundle org.netbeans.html.ko4j@1.7.0 resolved
INFO [org.netbeans.core.netigso.Netigso]: bundle net.java.html@1.7.0 resolved
INFO [org.netbeans.core.netigso.Netigso]: bundle net.java.html.boot.script@1.7.0 resolved
INFO [org.netbeans.core.netigso.Netigso]: bundle net.java.html.geo@1.7.0 resolved
INFO [org.netbeans.core.netigso.Netigso]: bundle org.netbeans.html.xhr4j@1.7.0 resolved
INFO [org.netbeans.core.netigso.Netigso]: bundle net.java.html.sound@1.7.0 resolved
INFO [org.netbeans.core.netigso.Netigso]: bundle org.eclipse.osgi@3.9.1.v20140110-1610 started
INFO [org.netbeans.core.network.proxy.NetworkProxyReloader]: System network proxy resolver: Windows
INFO [org.netbeans.core.network.proxy.windows.WindowsNetworkProxy]: Windows system proxy resolver: auto detect
INFO [org.netbeans.core.network.proxy.NetworkProxyReloader]: System network proxy reloading succeeded.
INFO [org.netbeans.core.network.proxy.NetworkProxyReloader]: System network proxy - mode: direct
INFO [org.netbeans.core.network.proxy.NetworkProxyReloader]: System network proxy: fell to default (correct if direct mode went before)
INFO [io.github.chris2011.netbeans.plugins.yeoman4netbeans.YeomanTerminal]: Running command node
Diagnostic information
Input arguments:
	-Dnetbeans.importclass=org.netbeans.upgrade.AutoUpgrade
	-XX:+UseStringDeduplication
	-Djdk.lang.Process.allowAmbiguousCommands=true
	-Xss2m
	-Djdk.gtk.version=2.2
	-Dapple.laf.useScreenMenuBar=true
	-Dapple.awt.graphics.UseQuartz=true
	-Dsun.java2d.noddraw=true
	-Dsun.java2d.dpiaware=true
	-Dsun.zip.disableMemoryMapping=true
	-Dplugin.manager.check.updates=false
	-Dnetbeans.extbrowser.manual_chrome_plugin_install=yes
	--add-opens=java.base/java.net=ALL-UNNAMED
	--add-opens=java.base/java.lang.ref=ALL-UNNAMED
	--add-opens=java.base/java.lang=ALL-UNNAMED
	--add-opens=java.base/java.security=ALL-UNNAMED
	--add-opens=java.base/java.util=ALL-UNNAMED
	--add-opens=java.desktop/javax.swing.plaf.basic=ALL-UNNAMED
	--add-opens=java.desktop/javax.swing.text=ALL-UNNAMED
	--add-opens=java.desktop/javax.swing=ALL-UNNAMED
	--add-opens=java.desktop/java.awt=ALL-UNNAMED
	--add-opens=java.desktop/java.awt.event=ALL-UNNAMED
	--add-opens=java.prefs/java.util.prefs=ALL-UNNAMED
	--add-opens=jdk.jshell/jdk.jshell=ALL-UNNAMED
	--add-modules=jdk.jshell
	--add-exports=java.desktop/sun.awt=ALL-UNNAMED
	--add-exports=java.desktop/java.awt.peer=ALL-UNNAMED
	--add-exports=java.desktop/com.sun.beans.editors=ALL-UNNAMED
	--add-exports=java.desktop/sun.swing=ALL-UNNAMED
	--add-exports=java.desktop/sun.awt.im=ALL-UNNAMED
	--add-exports=jdk.internal.jvmstat/sun.jvmstat.monitor=ALL-UNNAMED
	--add-exports=java.management/sun.management=ALL-UNNAMED
	--add-exports=java.base/sun.reflect.annotation=ALL-UNNAMED
	-XX:+IgnoreUnrecognizedVMOptions
	-Dnetbeans.logger.console=true
	-ea
	-Djdk.home=C:\Program Files\Java\jdk-14.0.1
	-Dnetbeans.home=C:\Users\Chris\Downloads\Netbeans Versions\netbeans 11.3\platform
	-Dnetbeans.user=C:\Projekte\Netbeans Plugins\yeoman4netbeans\target\userdir
	-Dnetbeans.default_userdir_root=C:\Users\Chris\AppData\Roaming\NetBeans
	-XX:+HeapDumpOnOutOfMemoryError
	-XX:HeapDumpPath=C:\Projekte\Netbeans Plugins\yeoman4netbeans\target\userdir\var\log\heapdump.hprof
	-Dsun.awt.keepWorkingSetOnMinimize=true
	-Dnetbeans.dirs=C:\Users\Chris\Downloads\Netbeans Versions\netbeans 11.3\nb;C:\Users\Chris\Downloads\Netbeans Versions\netbeans 11.3\ergonomics;C:\Users\Chris\Downloads\Netbeans Versions\netbeans 11.3\ide;C:\Users\Chris\Downloads\Netbeans Versions\netbeans 11.3\extide;C:\Users\Chris\Downloads\Netbeans Versions\netbeans 11.3\java;C:\Users\Chris\Downloads\Netbeans Versions\netbeans 11.3\apisupport;C:\Users\Chris\Downloads\Netbeans Versions\netbeans 11.3\webcommon;C:\Users\Chris\Downloads\Netbeans Versions\netbeans 11.3\websvccommon;C:\Users\Chris\Downloads\Netbeans Versions\netbeans 11.3\enterprise;C:\Users\Chris\Downloads\Netbeans Versions\netbeans 11.3\mobility;C:\Users\Chris\Downloads\Netbeans Versions\netbeans 11.3\profiler;C:\Users\Chris\Downloads\Netbeans Versions\netbeans 11.3\python;C:\Users\Chris\Downloads\Netbeans Versions\netbeans 11.3\php;C:\Users\Chris\Downloads\Netbeans Versions\netbeans 11.3\identity;C:\Users\Chris\Downloads\Netbeans Versions\netbeans 11.3\harness;C:\Users\Chris\Downloads\Netbeans Versions\netbeans 11.3\cnd;C:\Users\Chris\Downloads\Netbeans Versions\netbeans 11.3\cndext;C:\Users\Chris\Downloads\Netbeans Versions\netbeans 11.3\dlight;C:\Users\Chris\Downloads\Netbeans Versions\netbeans 11.3\groovy;C:\Users\Chris\Downloads\Netbeans Versions\netbeans 11.3\extra;C:\Users\Chris\Downloads\Netbeans Versions\netbeans 11.3\javacard;C:\Users\Chris\Downloads\Netbeans Versions\netbeans 11.3\javafx;C:\Projekte\Netbeans Plugins\yeoman4netbeans\target\netbeans_clusters\extra
Compiler: HotSpot 64-Bit Tiered Compilers
Heap memory usage: initial 250,0MB maximum 3994,0MB
Non heap memory usage: initial 7,3MB maximum -1b
Garbage collector: G1 Young Generation (Collections=12 Total time spent=0s)
Garbage collector: G1 Old Generation (Collections=0 Total time spent=0s)
Classes: loaded=7534 total loaded=7534 unloaded 0
INFO [org.netbeans.core.ui.warmup.DiagnosticTask]: Total memory 16.745.893.888
SEVERE [global]
java.lang.RuntimeException: Uncompilable code - incompatible types: bad return type in lambda expression
    missing return value
	at io.github.chris2011.netbeans.plugins.yeoman4netbeans.YeomanTerminal.lambda$renderControl$0(YeomanTerminal.java:1)
	at java.desktop/javax.swing.AbstractButton.fireActionPerformed(AbstractButton.java:1967)
	at java.desktop/javax.swing.AbstractButton$Handler.actionPerformed(AbstractButton.java:2308)
	at java.desktop/javax.swing.DefaultButtonModel.fireActionPerformed(DefaultButtonModel.java:405)
	at java.desktop/javax.swing.DefaultButtonModel.setPressed(DefaultButtonModel.java:262)
	at java.desktop/javax.swing.plaf.basic.BasicButtonListener.mouseReleased(BasicButtonListener.java:279)
	at java.desktop/java.awt.Component.processMouseEvent(Component.java:6636)
	at java.desktop/javax.swing.JComponent.processMouseEvent(JComponent.java:3342)
	at java.desktop/java.awt.Component.processEvent(Component.java:6401)
	at java.desktop/java.awt.Container.processEvent(Container.java:2263)
	at java.desktop/java.awt.Component.dispatchEventImpl(Component.java:5012)
	at java.desktop/java.awt.Container.dispatchEventImpl(Container.java:2321)
	at java.desktop/java.awt.Component.dispatchEvent(Component.java:4844)
	at java.desktop/java.awt.LightweightDispatcher.retargetMouseEvent(Container.java:4919)
	at java.desktop/java.awt.LightweightDispatcher.processMouseEvent(Container.java:4548)
	at java.desktop/java.awt.LightweightDispatcher.dispatchEvent(Container.java:4489)
	at java.desktop/java.awt.Container.dispatchEventImpl(Container.java:2307)
	at java.desktop/java.awt.Window.dispatchEventImpl(Window.java:2764)
	at java.desktop/java.awt.Component.dispatchEvent(Component.java:4844)
	at java.desktop/java.awt.EventQueue.dispatchEventImpl(EventQueue.java:772)
	at java.desktop/java.awt.EventQueue$4.run(EventQueue.java:721)
	at java.desktop/java.awt.EventQueue$4.run(EventQueue.java:715)
	at java.base/java.security.AccessController.doPrivileged(AccessController.java:391)
	at java.base/java.security.ProtectionDomain$JavaSecurityAccessImpl.doIntersectionPrivilege(ProtectionDomain.java:85)
	at java.base/java.security.ProtectionDomain$JavaSecurityAccessImpl.doIntersectionPrivilege(ProtectionDomain.java:95)
	at java.desktop/java.awt.EventQueue$5.run(EventQueue.java:745)
	at java.desktop/java.awt.EventQueue$5.run(EventQueue.java:743)
	at java.base/java.security.AccessController.doPrivileged(AccessController.java:391)
	at java.base/java.security.ProtectionDomain$JavaSecurityAccessImpl.doIntersectionPrivilege(ProtectionDomain.java:85)
	at java.desktop/java.awt.EventQueue.dispatchEvent(EventQueue.java:742)
	at org.netbeans.core.TimableEventQueue.dispatchEvent(TimableEventQueue.java:136)
[catch] at java.desktop/java.awt.EventDispatchThread.pumpOneEventForFilters(EventDispatchThread.java:203)
	at java.desktop/java.awt.EventDispatchThread.pumpEventsForFilter(EventDispatchThread.java:124)
	at java.desktop/java.awt.EventDispatchThread.pumpEventsForHierarchy(EventDispatchThread.java:113)
	at java.desktop/java.awt.EventDispatchThread.pumpEvents(EventDispatchThread.java:109)
	at java.desktop/java.awt.EventDispatchThread.pumpEvents(EventDispatchThread.java:101)
	at java.desktop/java.awt.EventDispatchThread.run(EventDispatchThread.java:90)
SEVERE [null]: Last record repeated again.
INFO [org.netbeans.core.netigso.Netigso]: bundle org.eclipse.osgi@3.9.1.v20140110-1610 256
INFO [org.netbeans.core.netigso.Netigso]: bundle org.eclipse.osgi@3.9.1.v20140110-1610 stopped
INFO [null]: Last record repeated again.
